<?xml version="1.0" encoding="UTF-8"?>
<!-- Generated by org.testng.reporters.JUnitReportReporter -->
<testsuite hostname="LAPTOP-UN0G5FL5" failures="0" tests="5" name="com.redbus.qa.testpages.Homepagetest" time="69.703" errors="0" timestamp="2023-10-12T17:37:28 IST" skipped="0">
  <testcase classname="com.redbus.qa.testpages.Homepagetest" name="testTitle" time="10.745"/>
  <system-out/>
  <testcase classname="com.redbus.qa.testpages.Homepagetest" name="testsource" time="11.942"/>
  <system-out/>
  <testcase classname="com.redbus.qa.testpages.Homepagetest" name="testdestination" time="14.008"/>
  <system-out/>
  <testcase classname="com.redbus.qa.testpages.Homepagetest" name="testdate" time="17.357"/>
  <system-out/>
  <testcase classname="com.redbus.qa.testpages.Homepagetest" name="testsearch" time="15.651"/>
  <system-out/>
</testsuite> <!-- com.redbus.qa.testpages.Homepagetest -->
