<?xml version="1.0" encoding="UTF-8"?>
<!-- Generated by org.testng.reporters.JUnitReportReporter -->
<testsuite hostname="LAPTOP-UN0G5FL5" failures="0" tests="5" name="com.redbus.qa.testpages.Homepagetest" time="67.097" errors="0" timestamp="2023-10-12T17:44:19 IST" skipped="0">
  <testcase classname="com.redbus.qa.testpages.Homepagetest" name="testTitle" time="6.907"/>
  <system-out/>
  <testcase classname="com.redbus.qa.testpages.Homepagetest" name="testsource" time="15.343"/>
  <system-out/>
  <testcase classname="com.redbus.qa.testpages.Homepagetest" name="testdestination" time="14.058"/>
  <system-out/>
  <testcase classname="com.redbus.qa.testpages.Homepagetest" name="testdate" time="14.801"/>
  <system-out/>
  <testcase classname="com.redbus.qa.testpages.Homepagetest" name="testsearch" time="15.988"/>
  <system-out/>
</testsuite> <!-- com.redbus.qa.testpages.Homepagetest -->
